<?xml version="1.0" encoding="UTF-8"?>
<!-- Generated by org.testng.reporters.JUnitReportReporter -->
<testsuite hostname="gi-rafffa.local" name="de.zipjet.tests.IntentPopupTest" tests="4" failures="0" timestamp="27 Jul 2016 14:53:12 GMT" time="24.537" errors="0">
  <testcase name="firstVisitNoPopup" time="4.101" classname="de.zipjet.tests.IntentPopupTest"/>
  <testcase name="popUpForNewCustomerSecondTime" time="6.137" classname="de.zipjet.tests.IntentPopupTest"/>
  <testcase name="thirdVisitNoPopup" time="8.194" classname="de.zipjet.tests.IntentPopupTest"/>
  <testcase name="refreshSessionNotExpiredNoPopup" time="6.105" classname="de.zipjet.tests.IntentPopupTest"/>
</testsuite> <!-- de.zipjet.tests.IntentPopupTest -->
