<?xml version="1.0" encoding="UTF-8"?>
<!-- Generated by org.testng.reporters.JUnitReportReporter -->
<testsuite hostname="gi-rafffa.local" name="example.MyTest2" tests="1" failures="0" timestamp="13 Nov 2016 11:24:15 GMT" time="7.801" errors="0">
  <testcase name="testEasy" time="7.801" classname="example.MyTest2"/>
</testsuite> <!-- example.MyTest2 -->
