<?xml version="1.0" encoding="UTF-8"?>
<!-- Generated by org.testng.reporters.JUnitReportReporter -->
<testsuite hostname="gi-rafffa.local" name="de.zipjet.tests.BasicOrderTest" tests="1" failures="0" timestamp="27 Jul 2016 15:14:07 GMT" time="25.088" errors="0">
  <testcase name="defaultOrder" time="25.088" classname="de.zipjet.tests.BasicOrderTest"/>
</testsuite> <!-- de.zipjet.tests.BasicOrderTest -->
