<?xml version="1.0" encoding="UTF-8"?>
<!-- Generated by org.testng.reporters.JUnitReportReporter -->
<testsuite hostname="gi-rafffa.local" name="de.zipjet.tests.PriceListTest" tests="1" failures="0" timestamp="27 Jul 2016 15:59:02 GMT" time="7.663" errors="0">
  <testcase name="additionalInformationTest" time="7.663" classname="de.zipjet.tests.PriceListTest"/>
</testsuite> <!-- de.zipjet.tests.PriceListTest -->
