<?xml version="1.0" encoding="UTF-8"?>
<!-- Generated by org.testng.reporters.JUnitReportReporter -->
<testsuite hostname="gi-rafffa.local" name="com.springer.rd.tests.NegativeSearchTest" tests="1" failures="0" timestamp="13 Nov 2016 21:38:27 GMT" time="1.524" errors="0">
  <testcase name="negativeSimpleSearch" time="1.524" classname="com.springer.rd.tests.NegativeSearchTest"/>
</testsuite> <!-- com.springer.rd.tests.NegativeSearchTest -->
